This file contains any messages produced by compilers while
running configure, to aid debugging if configure makes a mistake.

It was created by libaat configure 1.0, which was
generated by GNU Autoconf 2.60.  Invocation command line was

  $ ./configure --prefix=/lfs/h1/ops/para/packages/nwps.v1.4.10/sorc/libaat CC=cc

## --------- ##
## Platform. ##
## --------- ##

hostname = dlogin08
uname -m = x86_64
uname -r = 5.3.18-150300.59.106-default
uname -s = Linux
uname -v = #1 SMP Mon Dec 12 13:16:24 UTC 2022 (774239c)

/usr/bin/uname -p = x86_64
/bin/uname -X     = unknown

/bin/arch              = x86_64
/usr/bin/arch -k       = unknown
/usr/convex/getsysinfo = unknown
/usr/bin/hostinfo      = unknown
/bin/machine           = unknown
/usr/bin/oslevel       = unknown
/bin/universe          = unknown

PATH: /apps/spack/curl/7.72.0/intel/19.1.3.304/yjtxk7r7mujxmhu4penm6bhtsva6ednv/bin
PATH: /apps/spack/libpng/1.6.37/intel/19.1.3.304/4ohkronuhlyherusoszzrmur5ewvlwzh/bin
PATH: /apps/spack/jasper/2.0.25/intel/19.1.3.304/sjib74krrorkyczqpqah4tvewmlnqdx4/bin
PATH: /opt/cray/pe/mpich/8.1.7/ofi/intel/19.0/bin
PATH: /opt/cray/pe/craype/2.7.10/bin
PATH: /pe/intel/compilers_and_libraries_2020.4.304/linux/bin/intel64
PATH: /pe/intel/compilers_and_libraries_2020.4.304/linux/bin
PATH: /pe/intel/compilers_and_libraries_2020.4.304/linux/mpi/intel64/bin
PATH: /pe/intel/debugger_2020/gdb/intel64/bin
PATH: /opt/cray/libfabric/1.11.0.0./bin
PATH: /opt/clmgr/sbin
PATH: /opt/clmgr/bin
PATH: /opt/sgi/sbin
PATH: /opt/sgi/bin
PATH: /u/ops.para/bin
PATH: /usr/local/bin
PATH: /usr/bin
PATH: /bin
PATH: /usr/lib/mit/bin
PATH: /usr/lib/mit/sbin
PATH: /opt/pbs/bin
PATH: /sbin
PATH: /u/gregory.mott/on_call_tools
PATH: /opt/cray/pe/bin


## ----------- ##
## Core tests. ##
## ----------- ##

configure:1750: checking for gcc
configure:1777: result: cc
configure:2015: checking for C compiler version
configure:2022: cc --version >&5
icc (ICC) 19.1.3.304 20200925
Copyright (C) 1985-2020 Intel Corporation.  All rights reserved.

configure:2025: $? = 0
configure:2032: cc -v >&5
icc version 19.1.3.304 (gcc version 7.5.0 compatibility)
configure:2035: $? = 0
configure:2042: cc -V >&5
Intel(R) C Intel(R) 64 Compiler for applications running on Intel(R) 64, Version 19.1.3.304 Build 20200925_000000
Copyright (C) 1985-2020 Intel Corporation.  All rights reserved.

configure:2045: $? = 0
configure:2068: checking for C compiler default output file name
configure:2095: cc    conftest.c  >&5
configure:2098: $? = 0
configure:2144: result: a.out
configure:2149: checking whether the C compiler works
configure:2159: ./a.out
configure:2162: $? = 0
configure:2179: result: yes
configure:2186: checking whether we are cross compiling
configure:2188: result: no
configure:2191: checking for suffix of executables
configure:2198: cc -o conftest    conftest.c  >&5
configure:2201: $? = 0
configure:2225: result: 
configure:2231: checking for suffix of object files
configure:2257: cc -c   conftest.c >&5
configure:2260: $? = 0
configure:2283: result: o
configure:2287: checking whether we are using the GNU C compiler
configure:2316: cc -c   conftest.c >&5
configure:2322: $? = 0
configure:2329: test -z "$ac_c_werror_flag" || test ! -s conftest.err
configure:2332: $? = 0
configure:2339: test -s conftest.o
configure:2342: $? = 0
configure:2356: result: yes
configure:2361: checking whether cc accepts -g
configure:2391: cc -c -g  conftest.c >&5
configure:2397: $? = 0
configure:2404: test -z "$ac_c_werror_flag" || test ! -s conftest.err
configure:2407: $? = 0
configure:2414: test -s conftest.o
configure:2417: $? = 0
configure:2547: result: yes
configure:2564: checking for cc option to accept ISO C89
configure:2638: cc  -c -g -O2  conftest.c >&5
configure:2644: $? = 0
configure:2651: test -z "$ac_c_werror_flag" || test ! -s conftest.err
configure:2654: $? = 0
configure:2661: test -s conftest.o
configure:2664: $? = 0
configure:2684: result: none needed
configure:2745: checking for ranlib
configure:2761: found /usr/bin/ranlib
configure:2772: result: ranlib
configure:2800: checking for ar
configure:2816: found /usr/bin/ar
configure:2828: result: ar
configure:2933: checking how to run the C preprocessor
configure:2973: cc -E  conftest.c
configure:2979: $? = 0
configure:3017: cc -E  conftest.c
conftest.c(8): error #2379: cannot open source file "ac_nonexistent.h"
  #include <ac_nonexistent.h>
                             ^

configure:3023: $? = 2
configure: failed program was:
| /* confdefs.h.  */
| #define PACKAGE_NAME "libaat"
| #define PACKAGE_TARNAME "libaat"
| #define PACKAGE_VERSION "1.0"
| #define PACKAGE_STRING "libaat 1.0"
| #define PACKAGE_BUGREPORT "arthur.taylor@noaa.gov"
| /* end confdefs.h.  */
| #include <ac_nonexistent.h>
configure:3063: result: cc -E
configure:3092: cc -E  conftest.c
configure:3098: $? = 0
configure:3136: cc -E  conftest.c
conftest.c(8): error #2379: cannot open source file "ac_nonexistent.h"
  #include <ac_nonexistent.h>
                             ^

configure:3142: $? = 2
configure: failed program was:
| /* confdefs.h.  */
| #define PACKAGE_NAME "libaat"
| #define PACKAGE_TARNAME "libaat"
| #define PACKAGE_VERSION "1.0"
| #define PACKAGE_STRING "libaat 1.0"
| #define PACKAGE_BUGREPORT "arthur.taylor@noaa.gov"
| /* end confdefs.h.  */
| #include <ac_nonexistent.h>
configure:3187: checking for grep that handles long lines and -e
configure:3261: result: /u/ops.para/bin/grep
configure:3266: checking for egrep
configure:3344: result: /u/ops.para/bin/grep -E
configure:3349: checking for ANSI C header files
configure:3379: cc -c -g -O2  conftest.c >&5
configure:3385: $? = 0
configure:3392: test -z "$ac_c_werror_flag" || test ! -s conftest.err
configure:3395: $? = 0
configure:3402: test -s conftest.o
configure:3405: $? = 0
configure:3501: cc -o conftest -g -O2   conftest.c  >&5
configure:3504: $? = 0
configure:3510: ./conftest
configure:3513: $? = 0
configure:3530: result: yes
configure:3554: checking for sys/types.h
configure:3575: cc -c -g -O2  conftest.c >&5
configure:3581: $? = 0
configure:3588: test -z "$ac_c_werror_flag" || test ! -s conftest.err
configure:3591: $? = 0
configure:3598: test -s conftest.o
configure:3601: $? = 0
configure:3614: result: yes
configure:3554: checking for sys/stat.h
configure:3575: cc -c -g -O2  conftest.c >&5
configure:3581: $? = 0
configure:3588: test -z "$ac_c_werror_flag" || test ! -s conftest.err
configure:3591: $? = 0
configure:3598: test -s conftest.o
configure:3601: $? = 0
configure:3614: result: yes
configure:3554: checking for stdlib.h
configure:3575: cc -c -g -O2  conftest.c >&5
configure:3581: $? = 0
configure:3588: test -z "$ac_c_werror_flag" || test ! -s conftest.err
configure:3591: $? = 0
configure:3598: test -s conftest.o
configure:3601: $? = 0
configure:3614: result: yes
configure:3554: checking for string.h
configure:3575: cc -c -g -O2  conftest.c >&5
configure:3581: $? = 0
configure:3588: test -z "$ac_c_werror_flag" || test ! -s conftest.err
configure:3591: $? = 0
configure:3598: test -s conftest.o
configure:3601: $? = 0
configure:3614: result: yes
configure:3554: checking for memory.h
configure:3575: cc -c -g -O2  conftest.c >&5
configure:3581: $? = 0
configure:3588: test -z "$ac_c_werror_flag" || test ! -s conftest.err
configure:3591: $? = 0
configure:3598: test -s conftest.o
configure:3601: $? = 0
configure:3614: result: yes
configure:3554: checking for strings.h
configure:3575: cc -c -g -O2  conftest.c >&5
configure:3581: $? = 0
configure:3588: test -z "$ac_c_werror_flag" || test ! -s conftest.err
configure:3591: $? = 0
configure:3598: test -s conftest.o
configure:3601: $? = 0
configure:3614: result: yes
configure:3554: checking for inttypes.h
configure:3575: cc -c -g -O2  conftest.c >&5
configure:3581: $? = 0
configure:3588: test -z "$ac_c_werror_flag" || test ! -s conftest.err
configure:3591: $? = 0
configure:3598: test -s conftest.o
configure:3601: $? = 0
configure:3614: result: yes
configure:3554: checking for stdint.h
configure:3575: cc -c -g -O2  conftest.c >&5
configure:3581: $? = 0
configure:3588: test -z "$ac_c_werror_flag" || test ! -s conftest.err
configure:3591: $? = 0
configure:3598: test -s conftest.o
configure:3601: $? = 0
configure:3614: result: yes
configure:3554: checking for unistd.h
configure:3575: cc -c -g -O2  conftest.c >&5
configure:3581: $? = 0
configure:3588: test -z "$ac_c_werror_flag" || test ! -s conftest.err
configure:3591: $? = 0
configure:3598: test -s conftest.o
configure:3601: $? = 0
configure:3614: result: yes
configure:3626: checking whether byte ordering is bigendian
configure:3658: cc -c -g -O2  conftest.c >&5
configure:3664: $? = 0
configure:3671: test -z "$ac_c_werror_flag" || test ! -s conftest.err
configure:3674: $? = 0
configure:3681: test -s conftest.o
configure:3684: $? = 0
configure:3713: cc -c -g -O2  conftest.c >&5
conftest.c(25): error: identifier "not" is undefined
   not big endian
   ^

conftest.c(25): error: expected a ";"
   not big endian
           ^

conftest.c(28): warning #12: parsing restarts here after previous syntax error
    ;
    ^

compilation aborted for conftest.c (code 2)
configure:3719: $? = 2
configure: failed program was:
| /* confdefs.h.  */
| #define PACKAGE_NAME "libaat"
| #define PACKAGE_TARNAME "libaat"
| #define PACKAGE_VERSION "1.0"
| #define PACKAGE_STRING "libaat 1.0"
| #define PACKAGE_BUGREPORT "arthur.taylor@noaa.gov"
| #define STDC_HEADERS 1
| #define HAVE_SYS_TYPES_H 1
| #define HAVE_SYS_STAT_H 1
| #define HAVE_STDLIB_H 1
| #define HAVE_STRING_H 1
| #define HAVE_MEMORY_H 1
| #define HAVE_STRINGS_H 1
| #define HAVE_INTTYPES_H 1
| #define HAVE_STDINT_H 1
| #define HAVE_UNISTD_H 1
| /* end confdefs.h.  */
| #include <sys/types.h>
| #include <sys/param.h>
| 
| int
| main ()
| {
| #if BYTE_ORDER != BIG_ENDIAN
|  not big endian
| #endif
| 
|   ;
|   return 0;
| }
configure:3893: result: no
configure:3912: checking for long int
configure:3942: cc -c -g -O2  conftest.c >&5
configure:3948: $? = 0
configure:3955: test -z "$ac_c_werror_flag" || test ! -s conftest.err
configure:3958: $? = 0
configure:3965: test -s conftest.o
configure:3968: $? = 0
configure:3980: result: yes
configure:3983: checking size of long int
configure:4371: cc -o conftest -g -O2   conftest.c  >&5
configure:4374: $? = 0
configure:4380: ./conftest
configure:4383: $? = 0
configure:4405: result: 8
configure:4424: checking for long int
configure:4492: result: yes
configure:4495: checking size of long int
configure:4917: result: 8
configure:4931: checking for ANSI C header files
configure:5112: result: yes
configure:5128: checking for stdlib.h
configure:5134: result: yes
configure:5128: checking for string.h
configure:5134: result: yes
configure:5294: checking for an ANSI C-conforming const
configure:5369: cc -c -g -O2  conftest.c >&5
configure:5375: $? = 0
configure:5382: test -z "$ac_c_werror_flag" || test ! -s conftest.err
configure:5385: $? = 0
configure:5392: test -s conftest.o
configure:5395: $? = 0
configure:5407: result: yes
configure:5417: checking for size_t
configure:5447: cc -c -g -O2  conftest.c >&5
configure:5453: $? = 0
configure:5460: test -z "$ac_c_werror_flag" || test ! -s conftest.err
configure:5463: $? = 0
configure:5470: test -s conftest.o
configure:5473: $? = 0
configure:5485: result: yes
configure:5504: checking for stdlib.h
configure:5510: result: yes
configure:5668: checking for GNU libc compatible malloc
configure:5702: cc -o conftest -g -O2   conftest.c  >&5
configure:5705: $? = 0
configure:5711: ./conftest
configure:5714: $? = 0
configure:5730: result: yes
configure:5763: checking for stdlib.h
configure:5769: result: yes
configure:5927: checking for GNU libc compatible realloc
configure:5961: cc -o conftest -g -O2   conftest.c  >&5
configure:5964: $? = 0
configure:5970: ./conftest
configure:5973: $? = 0
configure:5989: result: yes
configure:6017: checking for working strtod
configure:6068: cc -o conftest -g -O2   conftest.c  >&5
configure:6071: $? = 0
configure:6077: ./conftest
configure:6080: $? = 0
configure:6096: result: yes
configure:6296: checking for vprintf
configure:6352: cc -o conftest -g -O2   conftest.c  >&5
configure:6358: $? = 0
configure:6365: test -z "$ac_c_werror_flag" || test ! -s conftest.err
configure:6368: $? = 0
configure:6375: test -s conftest
configure:6378: $? = 0
configure:6392: result: yes
configure:6399: checking for _doprnt
configure:6455: cc -o conftest -g -O2   conftest.c  >&5
/usr/lib64/gcc/x86_64-suse-linux/7/../../../../x86_64-suse-linux/bin/ld: /tmp/iccBWw62m.o: in function `main':
/lfs/h1/ops/para/packages/nwps.v1.4.10/sorc/libaat/conftest.c:63: undefined reference to `_doprnt'
configure:6461: $? = 1
configure: failed program was:
| /* confdefs.h.  */
| #define PACKAGE_NAME "libaat"
| #define PACKAGE_TARNAME "libaat"
| #define PACKAGE_VERSION "1.0"
| #define PACKAGE_STRING "libaat 1.0"
| #define PACKAGE_BUGREPORT "arthur.taylor@noaa.gov"
| #define STDC_HEADERS 1
| #define HAVE_SYS_TYPES_H 1
| #define HAVE_SYS_STAT_H 1
| #define HAVE_STDLIB_H 1
| #define HAVE_STRING_H 1
| #define HAVE_MEMORY_H 1
| #define HAVE_STRINGS_H 1
| #define HAVE_INTTYPES_H 1
| #define HAVE_STDINT_H 1
| #define HAVE_UNISTD_H 1
| #define SIZEOF_LONG_INT 8
| #define LONG_64_BITS 1
| #define SIZEOF_LONG_INT 8
| #define STDC_HEADERS 1
| #define HAVE_STDLIB_H 1
| #define HAVE_STRING_H 1
| #define HAVE_STDLIB_H 1
| #define HAVE_MALLOC 1
| #define HAVE_STDLIB_H 1
| #define HAVE_REALLOC 1
| #define HAVE_VPRINTF 1
| /* end confdefs.h.  */
| /* Define _doprnt to an innocuous variant, in case <limits.h> declares _doprnt.
|    For example, HP-UX 11i <limits.h> declares gettimeofday.  */
| #define _doprnt innocuous__doprnt
| 
| /* System header to define __stub macros and hopefully few prototypes,
|     which can conflict with char _doprnt (); below.
|     Prefer <limits.h> to <assert.h> if __STDC__ is defined, since
|     <limits.h> exists even on freestanding compilers.  */
| 
| #ifdef __STDC__
| # include <limits.h>
| #else
| # include <assert.h>
| #endif
| 
| #undef _doprnt
| 
| /* Override any GCC internal prototype to avoid an error.
|    Use char because int might match the return type of a GCC
|    builtin and then its argument prototype would still apply.  */
| #ifdef __cplusplus
| extern "C"
| #endif
| char _doprnt ();
| /* The GNU C library defines this for functions which it implements
|     to always fail with ENOSYS.  Some functions are actually named
|     something starting with __ and the normal name is an alias.  */
| #if defined __stub__doprnt || defined __stub____doprnt
| choke me
| #endif
| 
| int
| main ()
| {
| return _doprnt ();
|   ;
|   return 0;
| }
configure:6494: result: no
configure:6518: checking for floor
configure:6574: cc -o conftest -g -O2   conftest.c  >&5
configure:6580: $? = 0
configure:6587: test -z "$ac_c_werror_flag" || test ! -s conftest.err
configure:6590: $? = 0
configure:6597: test -s conftest
configure:6600: $? = 0
configure:6614: result: yes
configure:6518: checking for memset
configure:6574: cc -o conftest -g -O2   conftest.c  >&5
configure:6580: $? = 0
configure:6587: test -z "$ac_c_werror_flag" || test ! -s conftest.err
configure:6590: $? = 0
configure:6597: test -s conftest
configure:6600: $? = 0
configure:6614: result: yes
configure:6518: checking for sqrt
configure:6574: cc -o conftest -g -O2   conftest.c  >&5
configure:6580: $? = 0
configure:6587: test -z "$ac_c_werror_flag" || test ! -s conftest.err
configure:6590: $? = 0
configure:6597: test -s conftest
configure:6600: $? = 0
configure:6614: result: yes
configure:6518: checking for strchr
configure:6574: cc -o conftest -g -O2   conftest.c  >&5
configure:6580: $? = 0
configure:6587: test -z "$ac_c_werror_flag" || test ! -s conftest.err
configure:6590: $? = 0
configure:6597: test -s conftest
configure:6600: $? = 0
configure:6614: result: yes
configure:6518: checking for strrchr
configure:6574: cc -o conftest -g -O2   conftest.c  >&5
configure:6580: $? = 0
configure:6587: test -z "$ac_c_werror_flag" || test ! -s conftest.err
configure:6590: $? = 0
configure:6597: test -s conftest
configure:6600: $? = 0
configure:6614: result: yes
configure:6518: checking for strspn
configure:6574: cc -o conftest -g -O2   conftest.c  >&5
configure:6580: $? = 0
configure:6587: test -z "$ac_c_werror_flag" || test ! -s conftest.err
configure:6590: $? = 0
configure:6597: test -s conftest
configure:6600: $? = 0
configure:6614: result: yes
configure:6518: checking for strtol
configure:6574: cc -o conftest -g -O2   conftest.c  >&5
configure:6580: $? = 0
configure:6587: test -z "$ac_c_werror_flag" || test ! -s conftest.err
configure:6590: $? = 0
configure:6597: test -s conftest
configure:6600: $? = 0
configure:6614: result: yes
configure:6757: creating ./config.status

## ---------------------- ##
## Running config.status. ##
## ---------------------- ##

This file was extended by libaat config.status 1.0, which was
generated by GNU Autoconf 2.60.  Invocation command line was

  CONFIG_FILES    = 
  CONFIG_HEADERS  = 
  CONFIG_LINKS    = 
  CONFIG_COMMANDS = 
  $ ./config.status 

on dlogin08

config.status:576: creating Makefile

## ---------------- ##
## Cache variables. ##
## ---------------- ##

ac_cv_c_bigendian=no
ac_cv_c_compiler_gnu=yes
ac_cv_c_const=yes
ac_cv_env_ARFLAGS_set=
ac_cv_env_ARFLAGS_value=
ac_cv_env_CC_set=set
ac_cv_env_CC_value=cc
ac_cv_env_CFLAGS_set=
ac_cv_env_CFLAGS_value=
ac_cv_env_CPPFLAGS_set=
ac_cv_env_CPPFLAGS_value=
ac_cv_env_CPP_set=
ac_cv_env_CPP_value=
ac_cv_env_LDFLAGS_set=
ac_cv_env_LDFLAGS_value=
ac_cv_env_MEMWATCH_DIR_set=
ac_cv_env_MEMWATCH_DIR_value=
ac_cv_env_build_alias_set=
ac_cv_env_build_alias_value=
ac_cv_env_host_alias_set=
ac_cv_env_host_alias_value=
ac_cv_env_target_alias_set=
ac_cv_env_target_alias_value=
ac_cv_func__doprnt=no
ac_cv_func_floor=yes
ac_cv_func_malloc_0_nonnull=yes
ac_cv_func_memset=yes
ac_cv_func_realloc_0_nonnull=yes
ac_cv_func_sqrt=yes
ac_cv_func_strchr=yes
ac_cv_func_strrchr=yes
ac_cv_func_strspn=yes
ac_cv_func_strtod=yes
ac_cv_func_strtol=yes
ac_cv_func_vprintf=yes
ac_cv_header_inttypes_h=yes
ac_cv_header_memory_h=yes
ac_cv_header_stdc=yes
ac_cv_header_stdint_h=yes
ac_cv_header_stdlib_h=yes
ac_cv_header_string_h=yes
ac_cv_header_strings_h=yes
ac_cv_header_sys_stat_h=yes
ac_cv_header_sys_types_h=yes
ac_cv_header_unistd_h=yes
ac_cv_objext=o
ac_cv_path_EGREP='/u/ops.para/bin/grep -E'
ac_cv_path_GREP=/u/ops.para/bin/grep
ac_cv_prog_AR=ar
ac_cv_prog_CPP='cc -E'
ac_cv_prog_ac_ct_CC=cc
ac_cv_prog_ac_ct_RANLIB=ranlib
ac_cv_prog_cc_c89=
ac_cv_prog_cc_g=yes
ac_cv_sizeof_long_int=8
ac_cv_type_long_int=yes
ac_cv_type_size_t=yes

## ----------------- ##
## Output variables. ##
## ----------------- ##

AR='ar'
ARFLAGS=''
CC='cc'
CFLAGS='-g -O2'
CPP='cc -E'
CPPFLAGS=''
DDEBUG=''
DEFS='-DPACKAGE_NAME=\"libaat\" -DPACKAGE_TARNAME=\"libaat\" -DPACKAGE_VERSION=\"1.0\" -DPACKAGE_STRING=\"libaat\ 1.0\" -DPACKAGE_BUGREPORT=\"arthur.taylor@noaa.gov\" -DSTDC_HEADERS=1 -DHAVE_SYS_TYPES_H=1 -DHAVE_SYS_STAT_H=1 -DHAVE_STDLIB_H=1 -DHAVE_STRING_H=1 -DHAVE_MEMORY_H=1 -DHAVE_STRINGS_H=1 -DHAVE_INTTYPES_H=1 -DHAVE_STDINT_H=1 -DHAVE_UNISTD_H=1 -DSIZEOF_LONG_INT=8 -DLONG_64_BITS=1 -DSIZEOF_LONG_INT=8 -DSTDC_HEADERS=1 -DHAVE_STDLIB_H=1 -DHAVE_STRING_H=1 -DHAVE_STDLIB_H=1 -DHAVE_MALLOC=1 -DHAVE_STDLIB_H=1 -DHAVE_REALLOC=1 -DHAVE_VPRINTF=1 -DHAVE_FLOOR=1 -DHAVE_MEMSET=1 -DHAVE_SQRT=1 -DHAVE_STRCHR=1 -DHAVE_STRRCHR=1 -DHAVE_STRSPN=1 -DHAVE_STRTOL=1'
DSIZEOF_LONG_INT='-DSIZEOF_LONG_INT=8'
DWORDS_BIGENDIAN=''
ECHO_C=''
ECHO_N='-n'
ECHO_T=''
EGREP='/u/ops.para/bin/grep -E'
EXEEXT=''
GREP='/u/ops.para/bin/grep'
LDFLAGS=''
LIBOBJS=''
LIBS=''
LTLIBOBJS=''
MEMWATCH_DIR=''
MEMWATCH_NAME='memwatch-2.71'
MEM_CLEAN=''
MEM_DEF=''
MEM_DISTCLEAN=''
MEM_LIBDEP=''
MEM_STDINC=''
MEM_STDLIB=''
OBJEXT='o'
PACKAGE_BUGREPORT='arthur.taylor@noaa.gov'
PACKAGE_NAME='libaat'
PACKAGE_STRING='libaat 1.0'
PACKAGE_TARNAME='libaat'
PACKAGE_VERSION='1.0'
PATH_SEPARATOR=':'
POW_LIB=''
RANLIB='ranlib'
SHELL='/bin/sh'
ac_ct_CC='cc'
bindir='${exec_prefix}/bin'
build_alias=''
datadir='${datarootdir}'
datarootdir='${prefix}/share'
docdir='${datarootdir}/doc/${PACKAGE_TARNAME}'
dvidir='${docdir}'
exec_prefix='${prefix}'
host_alias=''
htmldir='${docdir}'
includedir='${prefix}/include'
infodir='${datarootdir}/info'
libdir='${exec_prefix}/lib'
libexecdir='${exec_prefix}/libexec'
localedir='${datarootdir}/locale'
localstatedir='${prefix}/var'
mandir='${datarootdir}/man'
oldincludedir='/usr/include'
pdfdir='${docdir}'
prefix='/lfs/h1/ops/para/packages/nwps.v1.4.10/sorc/libaat'
program_transform_name='s,x,x,'
psdir='${docdir}'
sbindir='${exec_prefix}/sbin'
sharedstatedir='${prefix}/com'
sysconfdir='${prefix}/etc'
target_alias=''

## ----------- ##
## confdefs.h. ##
## ----------- ##

#define PACKAGE_NAME "libaat"
#define PACKAGE_TARNAME "libaat"
#define PACKAGE_VERSION "1.0"
#define PACKAGE_STRING "libaat 1.0"
#define PACKAGE_BUGREPORT "arthur.taylor@noaa.gov"
#define STDC_HEADERS 1
#define HAVE_SYS_TYPES_H 1
#define HAVE_SYS_STAT_H 1
#define HAVE_STDLIB_H 1
#define HAVE_STRING_H 1
#define HAVE_MEMORY_H 1
#define HAVE_STRINGS_H 1
#define HAVE_INTTYPES_H 1
#define HAVE_STDINT_H 1
#define HAVE_UNISTD_H 1
#define SIZEOF_LONG_INT 8
#define LONG_64_BITS 1
#define SIZEOF_LONG_INT 8
#define STDC_HEADERS 1
#define HAVE_STDLIB_H 1
#define HAVE_STRING_H 1
#define HAVE_STDLIB_H 1
#define HAVE_MALLOC 1
#define HAVE_STDLIB_H 1
#define HAVE_REALLOC 1
#define HAVE_VPRINTF 1
#define HAVE_FLOOR 1
#define HAVE_MEMSET 1
#define HAVE_SQRT 1
#define HAVE_STRCHR 1
#define HAVE_STRRCHR 1
#define HAVE_STRSPN 1
#define HAVE_STRTOL 1

configure: exit 0
