This file contains any messages produced by compilers while
running configure, to aid debugging if configure makes a mistake.

It was created by Conformal Map Transforms - ellipsoidal configure 3.1, which was
generated by GNU Autoconf 2.60.  Invocation command line was

  $ ./configure --prefix=/gpfs/gd1/emc/marine/save/Roberto.Padilla/NWPS/IT_NWPS_WCOSS_ver1.0_20150729/sorc/emapf-c

## --------- ##
## Platform. ##
## --------- ##

hostname = g14a2
uname -m = x86_64
uname -r = 2.6.32-358.48.1.el6.x86_64
uname -s = Linux
uname -v = #1 SMP Tue Aug 5 01:45:27 EDT 2014

/usr/bin/uname -p = unknown
/bin/uname -X     = unknown

/bin/arch              = x86_64
/usr/bin/arch -k       = unknown
/usr/convex/getsysinfo = unknown
/usr/bin/hostinfo      = unknown
/bin/machine           = unknown
/usr/bin/oslevel       = unknown
/bin/universe          = unknown

PATH: /usr/lib64/qt-3.3/bin
PATH: /usr/local/bin
PATH: /bin
PATH: /usr/bin
PATH: /usr/local/sbin
PATH: /usr/sbin
PATH: /sbin
PATH: /opt/ibutils/bin
PATH: /u/Roberto.Padilla/bin


## ----------- ##
## Core tests. ##
## ----------- ##

configure:1714: checking for gcc
configure:1730: found /usr/bin/gcc
configure:1741: result: gcc
configure:1979: checking for C compiler version
configure:1986: gcc --version >&5
gcc (GCC) 4.4.7 20120313 (Red Hat 4.4.7-4)
Copyright (C) 2010 Free Software Foundation, Inc.
This is free software; see the source for copying conditions.  There is NO
warranty; not even for MERCHANTABILITY or FITNESS FOR A PARTICULAR PURPOSE.

configure:1989: $? = 0
configure:1996: gcc -v >&5
Using built-in specs.
Target: x86_64-redhat-linux
Configured with: ../configure --prefix=/usr --mandir=/usr/share/man --infodir=/usr/share/info --with-bugurl=http://bugzilla.redhat.com/bugzilla --enable-bootstrap --enable-shared --enable-threads=posix --enable-checking=release --with-system-zlib --enable-__cxa_atexit --disable-libunwind-exceptions --enable-gnu-unique-object --enable-languages=c,c++,objc,obj-c++,java,fortran,ada --enable-java-awt=gtk --disable-dssi --with-java-home=/usr/lib/jvm/java-1.5.0-gcj-1.5.0.0/jre --enable-libgcj-multifile --enable-java-maintainer-mode --with-ecj-jar=/usr/share/java/eclipse-ecj.jar --disable-libjava-multilib --with-ppl --with-cloog --with-tune=generic --with-arch_32=i686 --build=x86_64-redhat-linux
Thread model: posix
gcc version 4.4.7 20120313 (Red Hat 4.4.7-4) (GCC) 
configure:1999: $? = 0
configure:2006: gcc -V >&5
gcc: '-V' option must have argument
configure:2009: $? = 1
configure:2032: checking for C compiler default output file name
configure:2059: gcc    conftest.c  >&5
configure:2062: $? = 0
configure:2108: result: a.out
configure:2113: checking whether the C compiler works
configure:2123: ./a.out
configure:2126: $? = 0
configure:2143: result: yes
configure:2150: checking whether we are cross compiling
configure:2152: result: no
configure:2155: checking for suffix of executables
configure:2162: gcc -o conftest    conftest.c  >&5
configure:2165: $? = 0
configure:2189: result: 
configure:2195: checking for suffix of object files
configure:2221: gcc -c   conftest.c >&5
configure:2224: $? = 0
configure:2247: result: o
configure:2251: checking whether we are using the GNU C compiler
configure:2280: gcc -c   conftest.c >&5
configure:2286: $? = 0
configure:2293: test -z "$ac_c_werror_flag" || test ! -s conftest.err
configure:2296: $? = 0
configure:2303: test -s conftest.o
configure:2306: $? = 0
configure:2320: result: yes
configure:2325: checking whether gcc accepts -g
configure:2355: gcc -c -g  conftest.c >&5
configure:2361: $? = 0
configure:2368: test -z "$ac_c_werror_flag" || test ! -s conftest.err
configure:2371: $? = 0
configure:2378: test -s conftest.o
configure:2381: $? = 0
configure:2511: result: yes
configure:2528: checking for gcc option to accept ISO C89
configure:2602: gcc  -c -g -O2  conftest.c >&5
configure:2608: $? = 0
configure:2615: test -z "$ac_c_werror_flag" || test ! -s conftest.err
configure:2618: $? = 0
configure:2625: test -s conftest.o
configure:2628: $? = 0
configure:2648: result: none needed
configure:2710: checking for a BSD-compatible install
configure:2766: result: /usr/bin/install -c
configure:2820: checking for ranlib
configure:2836: found /usr/bin/ranlib
configure:2847: result: ranlib
configure:4101: checking for ar
configure:4117: found /usr/bin/ar
configure:4129: result: ar
configure:4142: checking for strcasecmp
configure:4206: gcc -o conftest -g -O2   conftest.c  >&5
conftest.c:31: warning: conflicting types for built-in function 'strcasecmp'
configure:4212: $? = 0
configure:4219: test -z "$ac_c_werror_flag" || test ! -s conftest.err
configure:4222: $? = 0
configure:4229: test -s conftest
configure:4232: $? = 0
configure:4246: result: yes
configure:4382: creating ./config.status

## ---------------------- ##
## Running config.status. ##
## ---------------------- ##

This file was extended by Conformal Map Transforms - ellipsoidal config.status 3.1, which was
generated by GNU Autoconf 2.60.  Invocation command line was

  CONFIG_FILES    = 
  CONFIG_HEADERS  = 
  CONFIG_LINKS    = 
  CONFIG_COMMANDS = 
  $ ./config.status 

on g14a2

config.status:587: creating Makefile
config.status:587: creating cmapf.h
config.status:796: cmapf.h is unchanged

## ---------------- ##
## Cache variables. ##
## ---------------- ##

ac_cv_c_compiler_gnu=yes
ac_cv_env_ARFLAGS_set=
ac_cv_env_ARFLAGS_value=
ac_cv_env_CC_set=
ac_cv_env_CC_value=
ac_cv_env_CFLAGS_set=
ac_cv_env_CFLAGS_value=
ac_cv_env_CPPFLAGS_set=
ac_cv_env_CPPFLAGS_value=
ac_cv_env_F77_set=
ac_cv_env_F77_value=
ac_cv_env_FFLAGS_set=
ac_cv_env_FFLAGS_value=
ac_cv_env_LDFLAGS_set=
ac_cv_env_LDFLAGS_value=
ac_cv_env_build_alias_set=
ac_cv_env_build_alias_value=
ac_cv_env_host_alias_set=
ac_cv_env_host_alias_value=
ac_cv_env_target_alias_set=
ac_cv_env_target_alias_value=
ac_cv_func_strcasecmp=yes
ac_cv_objext=o
ac_cv_path_install='/usr/bin/install -c'
ac_cv_prog_AR=ar
ac_cv_prog_ac_ct_CC=gcc
ac_cv_prog_ac_ct_RANLIB=ranlib
ac_cv_prog_cc_c89=
ac_cv_prog_cc_g=yes

## ----------------- ##
## Output variables. ##
## ----------------- ##

AR='ar'
ARFLAGS=''
CC='gcc'
CFLAGS='-g -O2'
CPPFLAGS=''
DEFS='-DHAVE_CONFIG_H'
ECHO_C=''
ECHO_N='-n'
ECHO_T=''
EXEEXT=''
F77=''
FFLAGS=''
FLIBS=''
FWRAPNAME=''
INSTALL_DATA='${INSTALL} -m 644'
INSTALL_PROGRAM='${INSTALL}'
INSTALL_SCRIPT='${INSTALL}'
LDFLAGS=''
LIBOBJS=''
LIBS=''
LTLIBOBJS=''
OBJEXT='o'
PACKAGE_BUGREPORT='albion.taylor@noaa.gov'
PACKAGE_NAME='Conformal Map Transforms - ellipsoidal'
PACKAGE_STRING='Conformal Map Transforms - ellipsoidal 3.1'
PACKAGE_TARNAME='conformal-map-transforms---ellipsoidal'
PACKAGE_VERSION='3.1'
PATH_SEPARATOR=':'
RANLIB='ranlib'
SHELL='/bin/sh'
ac_ct_CC='gcc'
ac_ct_F77=''
bindir='${exec_prefix}/bin'
build_alias=''
datadir='${datarootdir}'
datarootdir='${prefix}/share'
docdir='${datarootdir}/doc/${PACKAGE_TARNAME}'
dvidir='${docdir}'
exec_prefix='${prefix}'
host_alias=''
htmldir='${docdir}'
includedir='${prefix}/include'
infodir='${datarootdir}/info'
libdir='${exec_prefix}/lib'
libexecdir='${exec_prefix}/libexec'
localedir='${datarootdir}/locale'
localstatedir='${prefix}/var'
mandir='${datarootdir}/man'
oldincludedir='/usr/include'
pdfdir='${docdir}'
prefix='/gpfs/gd1/emc/marine/save/Roberto.Padilla/NWPS/IT_NWPS_WCOSS_ver1.0_20150729/sorc/emapf-c'
program_transform_name='s,x,x,'
psdir='${docdir}'
sbindir='${exec_prefix}/sbin'
sharedstatedir='${prefix}/com'
sysconfdir='${prefix}/etc'
target_alias=''

## ----------- ##
## confdefs.h. ##
## ----------- ##

#define PACKAGE_NAME "Conformal Map Transforms - ellipsoidal"
#define PACKAGE_TARNAME "conformal-map-transforms---ellipsoidal"
#define PACKAGE_VERSION "3.1"
#define PACKAGE_STRING "Conformal Map Transforms - ellipsoidal 3.1"
#define PACKAGE_BUGREPORT "albion.taylor@noaa.gov"
#define HAVE_STRCASECMP 1

configure: exit 0
